F:\Demo-Merge-of-Diff-Tech\Final-Merge\Pubsite-VentesB2B\dist\out-tsc\e2e\src\app.po.js
F:\Demo-Merge-of-Diff-Tech\Final-Merge\Pubsite-VentesB2B\dist\out-tsc\e2e\src\app.po.js.map
F:\Demo-Merge-of-Diff-Tech\Final-Merge\Pubsite-VentesB2B\dist\out-tsc\e2e\src\app.e2e-spec.js
F:\Demo-Merge-of-Diff-Tech\Final-Merge\Pubsite-VentesB2B\dist\out-tsc\e2e\src\app.e2e-spec.js.map
F:\Demo-Merge-of-Diff-Tech\Final-Merge\Pubsite-VentesB2B\dist\out-tsc\src\app\Services\news.service.js
F:\Demo-Merge-of-Diff-Tech\Final-Merge\Pubsite-VentesB2B\dist\out-tsc\src\app\Services\news.service.js.map
F:\Demo-Merge-of-Diff-Tech\Final-Merge\Pubsite-VentesB2B\dist\out-tsc\src\app\news\news.component.js
F:\Demo-Merge-of-Diff-Tech\Final-Merge\Pubsite-VentesB2B\dist\out-tsc\src\app\news\news.component.js.map
F:\Demo-Merge-of-Diff-Tech\Final-Merge\Pubsite-VentesB2B\dist\out-tsc\src\app\Services\resource.service.js
F:\Demo-Merge-of-Diff-Tech\Final-Merge\Pubsite-VentesB2B\dist\out-tsc\src\app\Services\resource.service.js.map
F:\Demo-Merge-of-Diff-Tech\Final-Merge\Pubsite-VentesB2B\dist\out-tsc\src\app\resources\resources.component.js
F:\Demo-Merge-of-Diff-Tech\Final-Merge\Pubsite-VentesB2B\dist\out-tsc\src\app\resources\resources.component.js.map
F:\Demo-Merge-of-Diff-Tech\Final-Merge\Pubsite-VentesB2B\dist\out-tsc\src\app\Services\event.service.js
F:\Demo-Merge-of-Diff-Tech\Final-Merge\Pubsite-VentesB2B\dist\out-tsc\src\app\Services\event.service.js.map
F:\Demo-Merge-of-Diff-Tech\Final-Merge\Pubsite-VentesB2B\dist\out-tsc\src\app\events\events.component.js
F:\Demo-Merge-of-Diff-Tech\Final-Merge\Pubsite-VentesB2B\dist\out-tsc\src\app\events\events.component.js.map
F:\Demo-Merge-of-Diff-Tech\Final-Merge\Pubsite-VentesB2B\dist\out-tsc\src\app\Services\contact.service.js
F:\Demo-Merge-of-Diff-Tech\Final-Merge\Pubsite-VentesB2B\dist\out-tsc\src\app\Services\contact.service.js.map
F:\Demo-Merge-of-Diff-Tech\Final-Merge\Pubsite-VentesB2B\dist\out-tsc\src\app\popup-box\popup-box.component.js
F:\Demo-Merge-of-Diff-Tech\Final-Merge\Pubsite-VentesB2B\dist\out-tsc\src\app\popup-box\popup-box.component.js.map
F:\Demo-Merge-of-Diff-Tech\Final-Merge\Pubsite-VentesB2B\dist\out-tsc\src\app\home\home.component.js
F:\Demo-Merge-of-Diff-Tech\Final-Merge\Pubsite-VentesB2B\dist\out-tsc\src\app\home\home.component.js.map
F:\Demo-Merge-of-Diff-Tech\Final-Merge\Pubsite-VentesB2B\dist\out-tsc\src\app\Services\companies.service.js
F:\Demo-Merge-of-Diff-Tech\Final-Merge\Pubsite-VentesB2B\dist\out-tsc\src\app\Services\companies.service.js.map
F:\Demo-Merge-of-Diff-Tech\Final-Merge\Pubsite-VentesB2B\dist\out-tsc\src\app\companies\companies.component.js
F:\Demo-Merge-of-Diff-Tech\Final-Merge\Pubsite-VentesB2B\dist\out-tsc\src\app\companies\companies.component.js.map
F:\Demo-Merge-of-Diff-Tech\Final-Merge\Pubsite-VentesB2B\dist\out-tsc\src\app\news-details\news-details.component.js
F:\Demo-Merge-of-Diff-Tech\Final-Merge\Pubsite-VentesB2B\dist\out-tsc\src\app\news-details\news-details.component.js.map
F:\Demo-Merge-of-Diff-Tech\Final-Merge\Pubsite-VentesB2B\dist\out-tsc\src\app\event-details\event-details.component.js
F:\Demo-Merge-of-Diff-Tech\Final-Merge\Pubsite-VentesB2B\dist\out-tsc\src\app\event-details\event-details.component.js.map
F:\Demo-Merge-of-Diff-Tech\Final-Merge\Pubsite-VentesB2B\dist\out-tsc\src\app\resource-details\resource-details.component.js
F:\Demo-Merge-of-Diff-Tech\Final-Merge\Pubsite-VentesB2B\dist\out-tsc\src\app\resource-details\resource-details.component.js.map
F:\Demo-Merge-of-Diff-Tech\Final-Merge\Pubsite-VentesB2B\dist\out-tsc\src\app\company-details\company-details.component.js
F:\Demo-Merge-of-Diff-Tech\Final-Merge\Pubsite-VentesB2B\dist\out-tsc\src\app\company-details\company-details.component.js.map
F:\Demo-Merge-of-Diff-Tech\Final-Merge\Pubsite-VentesB2B\dist\out-tsc\src\app\app-routing.module.js
F:\Demo-Merge-of-Diff-Tech\Final-Merge\Pubsite-VentesB2B\dist\out-tsc\src\app\app-routing.module.js.map
F:\Demo-Merge-of-Diff-Tech\Final-Merge\Pubsite-VentesB2B\dist\out-tsc\src\app\app.component.js
F:\Demo-Merge-of-Diff-Tech\Final-Merge\Pubsite-VentesB2B\dist\out-tsc\src\app\app.component.js.map
F:\Demo-Merge-of-Diff-Tech\Final-Merge\Pubsite-VentesB2B\dist\out-tsc\src\app\home\home-news\home-news.component.js
F:\Demo-Merge-of-Diff-Tech\Final-Merge\Pubsite-VentesB2B\dist\out-tsc\src\app\home\home-news\home-news.component.js.map
F:\Demo-Merge-of-Diff-Tech\Final-Merge\Pubsite-VentesB2B\dist\out-tsc\src\app\home\home-events\home-events.component.js
F:\Demo-Merge-of-Diff-Tech\Final-Merge\Pubsite-VentesB2B\dist\out-tsc\src\app\home\home-events\home-events.component.js.map
F:\Demo-Merge-of-Diff-Tech\Final-Merge\Pubsite-VentesB2B\dist\out-tsc\src\app\home\home-resources\home-resources.component.js
F:\Demo-Merge-of-Diff-Tech\Final-Merge\Pubsite-VentesB2B\dist\out-tsc\src\app\home\home-resources\home-resources.component.js.map
F:\Demo-Merge-of-Diff-Tech\Final-Merge\Pubsite-VentesB2B\dist\out-tsc\src\app\most-popular\most-popular.component.js
F:\Demo-Merge-of-Diff-Tech\Final-Merge\Pubsite-VentesB2B\dist\out-tsc\src\app\most-popular\most-popular.component.js.map
F:\Demo-Merge-of-Diff-Tech\Final-Merge\Pubsite-VentesB2B\dist\out-tsc\src\app\social-media-share\social-media-share.component.js
F:\Demo-Merge-of-Diff-Tech\Final-Merge\Pubsite-VentesB2B\dist\out-tsc\src\app\social-media-share\social-media-share.component.js.map
F:\Demo-Merge-of-Diff-Tech\Final-Merge\Pubsite-VentesB2B\dist\out-tsc\src\app\app.module.js
F:\Demo-Merge-of-Diff-Tech\Final-Merge\Pubsite-VentesB2B\dist\out-tsc\src\app\app.module.js.map
F:\Demo-Merge-of-Diff-Tech\Final-Merge\Pubsite-VentesB2B\dist\out-tsc\src\environments\environment.js
F:\Demo-Merge-of-Diff-Tech\Final-Merge\Pubsite-VentesB2B\dist\out-tsc\src\environments\environment.js.map
F:\Demo-Merge-of-Diff-Tech\Final-Merge\Pubsite-VentesB2B\dist\out-tsc\src\main.js
F:\Demo-Merge-of-Diff-Tech\Final-Merge\Pubsite-VentesB2B\dist\out-tsc\src\main.js.map
F:\Demo-Merge-of-Diff-Tech\Final-Merge\Pubsite-VentesB2B\dist\out-tsc\src\polyfills.js
F:\Demo-Merge-of-Diff-Tech\Final-Merge\Pubsite-VentesB2B\dist\out-tsc\src\polyfills.js.map
F:\Demo-Merge-of-Diff-Tech\Final-Merge\Pubsite-VentesB2B\dist\out-tsc\src\test.js
F:\Demo-Merge-of-Diff-Tech\Final-Merge\Pubsite-VentesB2B\dist\out-tsc\src\test.js.map
F:\Demo-Merge-of-Diff-Tech\Final-Merge\Pubsite-VentesB2B\dist\out-tsc\src\app\app.component.spec.js
F:\Demo-Merge-of-Diff-Tech\Final-Merge\Pubsite-VentesB2B\dist\out-tsc\src\app\app.component.spec.js.map
F:\Demo-Merge-of-Diff-Tech\Final-Merge\Pubsite-VentesB2B\dist\out-tsc\src\app\IModels\PubsiteClasses.js
F:\Demo-Merge-of-Diff-Tech\Final-Merge\Pubsite-VentesB2B\dist\out-tsc\src\app\IModels\PubsiteClasses.js.map
F:\Demo-Merge-of-Diff-Tech\Final-Merge\Pubsite-VentesB2B\dist\out-tsc\src\app\Services\companies.service.spec.js
F:\Demo-Merge-of-Diff-Tech\Final-Merge\Pubsite-VentesB2B\dist\out-tsc\src\app\Services\companies.service.spec.js.map
F:\Demo-Merge-of-Diff-Tech\Final-Merge\Pubsite-VentesB2B\dist\out-tsc\src\app\Services\contact.service.spec.js
F:\Demo-Merge-of-Diff-Tech\Final-Merge\Pubsite-VentesB2B\dist\out-tsc\src\app\Services\contact.service.spec.js.map
F:\Demo-Merge-of-Diff-Tech\Final-Merge\Pubsite-VentesB2B\dist\out-tsc\src\app\Services\event.service.spec.js
F:\Demo-Merge-of-Diff-Tech\Final-Merge\Pubsite-VentesB2B\dist\out-tsc\src\app\Services\event.service.spec.js.map
F:\Demo-Merge-of-Diff-Tech\Final-Merge\Pubsite-VentesB2B\dist\out-tsc\src\app\Services\news.service.spec.js
F:\Demo-Merge-of-Diff-Tech\Final-Merge\Pubsite-VentesB2B\dist\out-tsc\src\app\Services\news.service.spec.js.map
F:\Demo-Merge-of-Diff-Tech\Final-Merge\Pubsite-VentesB2B\dist\out-tsc\src\app\Services\resource.service.spec.js
F:\Demo-Merge-of-Diff-Tech\Final-Merge\Pubsite-VentesB2B\dist\out-tsc\src\app\Services\resource.service.spec.js.map
F:\Demo-Merge-of-Diff-Tech\Final-Merge\Pubsite-VentesB2B\dist\out-tsc\src\app\companies\companies.component.spec.js
F:\Demo-Merge-of-Diff-Tech\Final-Merge\Pubsite-VentesB2B\dist\out-tsc\src\app\companies\companies.component.spec.js.map
F:\Demo-Merge-of-Diff-Tech\Final-Merge\Pubsite-VentesB2B\dist\out-tsc\src\app\company-details\company-details.component.spec.js
F:\Demo-Merge-of-Diff-Tech\Final-Merge\Pubsite-VentesB2B\dist\out-tsc\src\app\company-details\company-details.component.spec.js.map
F:\Demo-Merge-of-Diff-Tech\Final-Merge\Pubsite-VentesB2B\dist\out-tsc\src\app\event-details\event-details.component.spec.js
F:\Demo-Merge-of-Diff-Tech\Final-Merge\Pubsite-VentesB2B\dist\out-tsc\src\app\event-details\event-details.component.spec.js.map
F:\Demo-Merge-of-Diff-Tech\Final-Merge\Pubsite-VentesB2B\dist\out-tsc\src\app\events\events.component.spec.js
F:\Demo-Merge-of-Diff-Tech\Final-Merge\Pubsite-VentesB2B\dist\out-tsc\src\app\events\events.component.spec.js.map
F:\Demo-Merge-of-Diff-Tech\Final-Merge\Pubsite-VentesB2B\dist\out-tsc\src\app\home\home.component.spec.js
F:\Demo-Merge-of-Diff-Tech\Final-Merge\Pubsite-VentesB2B\dist\out-tsc\src\app\home\home.component.spec.js.map
F:\Demo-Merge-of-Diff-Tech\Final-Merge\Pubsite-VentesB2B\dist\out-tsc\src\app\home\home-events\home-events.component.spec.js
F:\Demo-Merge-of-Diff-Tech\Final-Merge\Pubsite-VentesB2B\dist\out-tsc\src\app\home\home-events\home-events.component.spec.js.map
F:\Demo-Merge-of-Diff-Tech\Final-Merge\Pubsite-VentesB2B\dist\out-tsc\src\app\home\home-news\home-news.component.spec.js
F:\Demo-Merge-of-Diff-Tech\Final-Merge\Pubsite-VentesB2B\dist\out-tsc\src\app\home\home-news\home-news.component.spec.js.map
F:\Demo-Merge-of-Diff-Tech\Final-Merge\Pubsite-VentesB2B\dist\out-tsc\src\app\home\home-resources\home-resources.component.spec.js
F:\Demo-Merge-of-Diff-Tech\Final-Merge\Pubsite-VentesB2B\dist\out-tsc\src\app\home\home-resources\home-resources.component.spec.js.map
F:\Demo-Merge-of-Diff-Tech\Final-Merge\Pubsite-VentesB2B\dist\out-tsc\src\app\most-popular\most-popular.component.spec.js
F:\Demo-Merge-of-Diff-Tech\Final-Merge\Pubsite-VentesB2B\dist\out-tsc\src\app\most-popular\most-popular.component.spec.js.map
F:\Demo-Merge-of-Diff-Tech\Final-Merge\Pubsite-VentesB2B\dist\out-tsc\src\app\news\news.component.spec.js
F:\Demo-Merge-of-Diff-Tech\Final-Merge\Pubsite-VentesB2B\dist\out-tsc\src\app\news\news.component.spec.js.map
F:\Demo-Merge-of-Diff-Tech\Final-Merge\Pubsite-VentesB2B\dist\out-tsc\src\app\news-details\news-details.component.spec.js
F:\Demo-Merge-of-Diff-Tech\Final-Merge\Pubsite-VentesB2B\dist\out-tsc\src\app\news-details\news-details.component.spec.js.map
F:\Demo-Merge-of-Diff-Tech\Final-Merge\Pubsite-VentesB2B\dist\out-tsc\src\app\popup-box\popup-box.component.spec.js
F:\Demo-Merge-of-Diff-Tech\Final-Merge\Pubsite-VentesB2B\dist\out-tsc\src\app\popup-box\popup-box.component.spec.js.map
F:\Demo-Merge-of-Diff-Tech\Final-Merge\Pubsite-VentesB2B\dist\out-tsc\src\app\resource-details\resource-details.component.spec.js
F:\Demo-Merge-of-Diff-Tech\Final-Merge\Pubsite-VentesB2B\dist\out-tsc\src\app\resource-details\resource-details.component.spec.js.map
F:\Demo-Merge-of-Diff-Tech\Final-Merge\Pubsite-VentesB2B\dist\out-tsc\src\app\resources\resources.component.spec.js
F:\Demo-Merge-of-Diff-Tech\Final-Merge\Pubsite-VentesB2B\dist\out-tsc\src\app\resources\resources.component.spec.js.map
F:\Demo-Merge-of-Diff-Tech\Final-Merge\Pubsite-VentesB2B\dist\out-tsc\src\app\social-media-share\social-media-share.component.spec.js
F:\Demo-Merge-of-Diff-Tech\Final-Merge\Pubsite-VentesB2B\dist\out-tsc\src\app\social-media-share\social-media-share.component.spec.js.map
F:\Demo-Merge-of-Diff-Tech\Final-Merge\Pubsite-VentesB2B\dist\out-tsc\src\environments\environment.prod.js
F:\Demo-Merge-of-Diff-Tech\Final-Merge\Pubsite-VentesB2B\dist\out-tsc\src\environments\environment.prod.js.map
